<?xml version="1.0" encoding="UTF-8"?>
<testsuites name="TestSuit_PartnerUs" time="61.585" tests="3" failures="3" errors="0">
   <testsuite name="TestSuit_PartnerUs" tests="3" failures="3" errors="0" time="61.585" timestamp="2019-12-22 13:56:04" hostname="hidadsek - nguyenthuc" id="Test Suites/TestSuit_PartnerUs">
      <properties>
         <property name="deviceName" value=""/>
         <property name="devicePlatform" value=""/>
         <property name="logFolder" value="C:\\Users\\hidadsek\\Desktop\\Git\\Katalon-project\\Katalon_1st_Project\\Reports\\20191222_135602\\TestSuit_PartnerUs\\20191222_135602"/>
         <property name="logFiles" value="C:\\Users\\hidadsek\\Desktop\\Git\\Katalon-project\\Katalon_1st_Project\\Reports\\20191222_135602\\TestSuit_PartnerUs\\20191222_135602\\execution0.log"/>
         <property name="attachments" value=""/>
         <property name="hostName" value="hidadsek - nguyenthuc"/>
         <property name="os" value="Windows 8.1 64bit"/>
         <property name="katalonVersion" value="7.2.1.1"/>
         <property name="browser" value="Firefox 71.0"/>
         <property name="hostAddress" value="192.168.1.110"/>
         <property name="sessionId" value="9fd4c5d4-f387-4d26-88b5-d8edc76a8f6f"/>
         <property name="seleniumVersion" value="3.141.59"/>
         <property name="proxyInformation" value="ProxyInformation{proxyOption=NO_PROXY, proxyServerType=HTTP, password=, proxyServerAddress=, proxyServerPort=0, executionList=}"/>
         <property name="platform" value="Windows 8.1"/>
      </properties>
      <testcase name="Test Cases/Keyword_TestCase/TestCase_WorkWithUS/WorkWithUS_Partner_Us" time="27.758" classname="Test Cases/Keyword_TestCase/TestCase_WorkWithUS/WorkWithUS_Partner_Us" status="FAILED">
         <failure type="FAILED" message="Test Cases/Keyword_TestCase/TestCase_WorkWithUS/WorkWithUS_Partner_Us FAILED.
Reason:
com.kms.katalon.core.exception.StepFailedException: Fail to click on element
	at com.kms.katalon.core.util.KeywordUtil.markFailed(KeywordUtil.java:19)
	at com.kms.katalon.core.util.KeywordUtil$markFailed$0.call(Unknown Source)
	at actionKeyword.SelectByXPathKeyword.clickElementByXPath(SelectByXPathKeyword.groovy:89)
	at actionKeyword.SelectByXPathKeyword.invokeMethod(SelectByXPathKeyword.groovy)
	at com.kms.katalon.core.main.CustomKeywordDelegatingMetaClass.invokeStaticMethod(CustomKeywordDelegatingMetaClass.java:50)
	at WorkWithUS_Partner_Us.run(WorkWithUS_Partner_Us:20)
	at com.kms.katalon.core.main.ScriptEngine.run(ScriptEngine.java:194)
	at com.kms.katalon.core.main.ScriptEngine.runScriptAsRawText(ScriptEngine.java:119)
	at com.kms.katalon.core.main.TestCaseExecutor.runScript(TestCaseExecutor.java:337)
	at com.kms.katalon.core.main.TestCaseExecutor.doExecute(TestCaseExecutor.java:328)
	at com.kms.katalon.core.main.TestCaseExecutor.processExecutionPhase(TestCaseExecutor.java:307)
	at com.kms.katalon.core.main.TestCaseExecutor.accessMainPhase(TestCaseExecutor.java:299)
	at com.kms.katalon.core.main.TestCaseExecutor.execute(TestCaseExecutor.java:233)
	at com.kms.katalon.core.main.TestSuiteExecutor.accessTestCaseMainPhase(TestSuiteExecutor.java:169)
	at com.kms.katalon.core.main.TestSuiteExecutor.accessTestSuiteMainPhase(TestSuiteExecutor.java:142)
	at com.kms.katalon.core.main.TestSuiteExecutor.execute(TestSuiteExecutor.java:91)
	at com.kms.katalon.core.main.TestCaseMain.startTestSuite(TestCaseMain.java:157)
	at com.kms.katalon.core.main.TestCaseMain$startTestSuite$0.call(Unknown Source)
	at TempTestSuite1576997762258.run(TempTestSuite1576997762258.groovy:36)
"/>
         <system-out><![CDATA[2019-12-22 13:56:05 - [TEST_CASE][FAILED] - Test Cases/Keyword_TestCase/TestCase_WorkWithUS/WorkWithUS_Partner_Us: Test Cases/Keyword_TestCase/TestCase_WorkWithUS/WorkWithUS_Partner_Us FAILED.
Reason:
com.kms.katalon.core.exception.StepFailedException: Fail to click on element
	at com.kms.katalon.core.util.KeywordUtil.markFailed(KeywordUtil.java:19)
	at com.kms.katalon.core.util.KeywordUtil$markFailed$0.call(Unknown Source)
	at actionKeyword.SelectByXPathKeyword.clickElementByXPath(SelectByXPathKeyword.groovy:89)
	at actionKeyword.SelectByXPathKeyword.invokeMethod(SelectByXPathKeyword.groovy)
	at com.kms.katalon.core.main.CustomKeywordDelegatingMetaClass.invokeStaticMethod(CustomKeywordDelegatingMetaClass.java:50)
	at WorkWithUS_Partner_Us.run(WorkWithUS_Partner_Us:20)
	at com.kms.katalon.core.main.ScriptEngine.run(ScriptEngine.java:194)
	at com.kms.katalon.core.main.ScriptEngine.runScriptAsRawText(ScriptEngine.java:119)
	at com.kms.katalon.core.main.TestCaseExecutor.runScript(TestCaseExecutor.java:337)
	at com.kms.katalon.core.main.TestCaseExecutor.doExecute(TestCaseExecutor.java:328)
	at com.kms.katalon.core.main.TestCaseExecutor.processExecutionPhase(TestCaseExecutor.java:307)
	at com.kms.katalon.core.main.TestCaseExecutor.accessMainPhase(TestCaseExecutor.java:299)
	at com.kms.katalon.core.main.TestCaseExecutor.execute(TestCaseExecutor.java:233)
	at com.kms.katalon.core.main.TestSuiteExecutor.accessTestCaseMainPhase(TestSuiteExecutor.java:169)
	at com.kms.katalon.core.main.TestSuiteExecutor.accessTestSuiteMainPhase(TestSuiteExecutor.java:142)
	at com.kms.katalon.core.main.TestSuiteExecutor.execute(TestSuiteExecutor.java:91)
	at com.kms.katalon.core.main.TestCaseMain.startTestSuite(TestCaseMain.java:157)
	at com.kms.katalon.core.main.TestCaseMain$startTestSuite$0.call(Unknown Source)
	at TempTestSuite1576997762258.run(TempTestSuite1576997762258.groovy:36)


2019-12-22 13:56:05 - [TEST_STEP][PASSED] - actionKeyword.BrowserKeyword.openBrowser("https://www.ourbetterworld.org/"): actionKeyword.BrowserKeyword.openBrowser is PASSED

2019-12-22 13:56:06 - [MESSAGE][INFO] - Starting 'Firefox' driver

2019-12-22 13:56:06 - [MESSAGE][INFO] - Action delay is set to 0 seconds

2019-12-22 13:56:23 - [MESSAGE][PASSED] - Browser is opened with url: 'https://www.ourbetterworld.org/'

2019-12-22 13:56:23 - [MESSAGE][PASSED] - actionKeyword.BrowserKeyword.openBrowser is PASSED

2019-12-22 13:56:23 - [TEST_STEP][PASSED] - actionKeyword.MouseHoverKeyword.moveMouseToObject("//div[@class='navigation float-left']//li//a[text()='Work With Us']"): Mouse moves successfully

2019-12-22 13:56:24 - [MESSAGE][PASSED] - Mouse moves successfully

2019-12-22 13:56:24 - [TEST_STEP][FAILED] - actionKeyword.SelectByXPathKeyword.clickElementByXPath("//div[@class='navigation float-left']//li//li/a[text()='Partner us']"): com.kms.katalon.core.exception.StepFailedException: Fail to click on element

2019-12-22 13:56:24 - [MESSAGE][FAILED] - Fail to click on element

2019-12-22 13:56:24 - [MESSAGE][FAILED] - com.kms.katalon.core.exception.StepFailedException: Fail to click on element

2019-12-22 13:56:24 - [TEST_STEP][PASSED] - modalKeyword.DelayModal.deLay(5000): modalKeyword.DelayModal.deLay is PASSED

2019-12-22 13:56:30 - [MESSAGE][PASSED] - modalKeyword.DelayModal.deLay is PASSED

2019-12-22 13:56:30 - [TEST_STEP][FAILED] - actionKeyword.VerifyKeyword.verifyTextByXPath("//div[@id="block-obw-theme-content"]/article/div/div[1]/div/div[2]/h1/div", "Partner Us"): com.kms.katalon.core.exception.StepFailedException: Unexpected error happens

2019-12-22 13:56:31 - [MESSAGE][FAILED] - Unexpected error happens

2019-12-22 13:56:31 - [MESSAGE][FAILED] - com.kms.katalon.core.exception.StepFailedException: Unexpected error happens

2019-12-22 13:56:31 - [TEST_STEP][FAILED] - actionKeyword.SelectByXPathKeyword.clickElementByXPath("//*[@id="block-obw-theme-content"]//div[@class='button-group']/a[text()='Get in touch']"): com.kms.katalon.core.exception.StepFailedException: Fail to click on element

2019-12-22 13:56:32 - [MESSAGE][FAILED] - Fail to click on element

2019-12-22 13:56:32 - [MESSAGE][FAILED] - com.kms.katalon.core.exception.StepFailedException: Fail to click on element

2019-12-22 13:56:32 - [TEST_STEP][PASSED] - waitForPageLoad(10): Wait for page load successfully

2019-12-22 13:56:33 - [MESSAGE][PASSED] - Wait for page load successfully

2019-12-22 13:56:33 - [TEST_STEP][FAILED] - actionKeyword.VerifyKeyword.verifyURLInTheSameTab("contact-us?purpose=partnership"): com.kms.katalon.core.exception.StepFailedException: https://www.ourbetterworld.org/ do not match

2019-12-22 13:56:33 - [MESSAGE][FAILED] - https://www.ourbetterworld.org/ do not match

2019-12-22 13:56:33 - [MESSAGE][FAILED] - com.kms.katalon.core.exception.StepFailedException: https://www.ourbetterworld.org/ do not match]]></system-out>
         <system-err><![CDATA[2019-12-22 13:56:05 - [TEST_CASE][FAILED] - Test Cases/Keyword_TestCase/TestCase_WorkWithUS/WorkWithUS_Partner_Us: Test Cases/Keyword_TestCase/TestCase_WorkWithUS/WorkWithUS_Partner_Us FAILED.
Reason:
com.kms.katalon.core.exception.StepFailedException: Fail to click on element
	at com.kms.katalon.core.util.KeywordUtil.markFailed(KeywordUtil.java:19)
	at com.kms.katalon.core.util.KeywordUtil$markFailed$0.call(Unknown Source)
	at actionKeyword.SelectByXPathKeyword.clickElementByXPath(SelectByXPathKeyword.groovy:89)
	at actionKeyword.SelectByXPathKeyword.invokeMethod(SelectByXPathKeyword.groovy)
	at com.kms.katalon.core.main.CustomKeywordDelegatingMetaClass.invokeStaticMethod(CustomKeywordDelegatingMetaClass.java:50)
	at WorkWithUS_Partner_Us.run(WorkWithUS_Partner_Us:20)
	at com.kms.katalon.core.main.ScriptEngine.run(ScriptEngine.java:194)
	at com.kms.katalon.core.main.ScriptEngine.runScriptAsRawText(ScriptEngine.java:119)
	at com.kms.katalon.core.main.TestCaseExecutor.runScript(TestCaseExecutor.java:337)
	at com.kms.katalon.core.main.TestCaseExecutor.doExecute(TestCaseExecutor.java:328)
	at com.kms.katalon.core.main.TestCaseExecutor.processExecutionPhase(TestCaseExecutor.java:307)
	at com.kms.katalon.core.main.TestCaseExecutor.accessMainPhase(TestCaseExecutor.java:299)
	at com.kms.katalon.core.main.TestCaseExecutor.execute(TestCaseExecutor.java:233)
	at com.kms.katalon.core.main.TestSuiteExecutor.accessTestCaseMainPhase(TestSuiteExecutor.java:169)
	at com.kms.katalon.core.main.TestSuiteExecutor.accessTestSuiteMainPhase(TestSuiteExecutor.java:142)
	at com.kms.katalon.core.main.TestSuiteExecutor.execute(TestSuiteExecutor.java:91)
	at com.kms.katalon.core.main.TestCaseMain.startTestSuite(TestCaseMain.java:157)
	at com.kms.katalon.core.main.TestCaseMain$startTestSuite$0.call(Unknown Source)
	at TempTestSuite1576997762258.run(TempTestSuite1576997762258.groovy:36)]]></system-err>
      </testcase>
      <testcase name="Test Cases/Feature_TestCase/TestCase_About_US/AboutUs_Contact_FillInData" time="8.705" classname="Test Cases/Feature_TestCase/TestCase_About_US/AboutUs_Contact_FillInData" status="FAILED">
         <failure type="FAILED" message="Test Cases/Feature_TestCase/TestCase_About_US/AboutUs_Contact_FillInData FAILED.
Reason:
com.kms.katalon.core.exception.StepFailedException: Fail to enter text
	at com.kms.katalon.core.util.KeywordUtil.markFailed(KeywordUtil.java:19)
	at com.kms.katalon.core.util.KeywordUtil$markFailed$0.call(Unknown Source)
	at actionKeyword.SelectByXPathKeyword.setTextElementByXPath(SelectByXPathKeyword.groovy:71)
	at actionKeyword.SelectByXPathKeyword.invokeMethod(SelectByXPathKeyword.groovy)
	at com.kms.katalon.core.main.CustomKeywordDelegatingMetaClass.invokeStaticMethod(CustomKeywordDelegatingMetaClass.java:50)
	at AboutUs_Contact_FillInData.run(AboutUs_Contact_FillInData:16)
	at com.kms.katalon.core.main.ScriptEngine.run(ScriptEngine.java:194)
	at com.kms.katalon.core.main.ScriptEngine.runScriptAsRawText(ScriptEngine.java:119)
	at com.kms.katalon.core.main.TestCaseExecutor.runScript(TestCaseExecutor.java:337)
	at com.kms.katalon.core.main.TestCaseExecutor.doExecute(TestCaseExecutor.java:328)
	at com.kms.katalon.core.main.TestCaseExecutor.processExecutionPhase(TestCaseExecutor.java:307)
	at com.kms.katalon.core.main.TestCaseExecutor.accessMainPhase(TestCaseExecutor.java:299)
	at com.kms.katalon.core.main.TestCaseExecutor.execute(TestCaseExecutor.java:233)
	at com.kms.katalon.core.main.TestSuiteExecutor.accessTestCaseMainPhase(TestSuiteExecutor.java:169)
	at com.kms.katalon.core.main.TestSuiteExecutor.accessTestSuiteMainPhase(TestSuiteExecutor.java:142)
	at com.kms.katalon.core.main.TestSuiteExecutor.execute(TestSuiteExecutor.java:91)
	at com.kms.katalon.core.main.TestCaseMain.startTestSuite(TestCaseMain.java:157)
	at com.kms.katalon.core.main.TestCaseMain$startTestSuite$0.call(Unknown Source)
	at TempTestSuite1576997762258.run(TempTestSuite1576997762258.groovy:36)
"/>
         <system-out><![CDATA[2019-12-22 13:56:33 - [TEST_CASE][FAILED] - Test Cases/Feature_TestCase/TestCase_About_US/AboutUs_Contact_FillInData: Test Cases/Feature_TestCase/TestCase_About_US/AboutUs_Contact_FillInData FAILED.
Reason:
com.kms.katalon.core.exception.StepFailedException: Fail to enter text
	at com.kms.katalon.core.util.KeywordUtil.markFailed(KeywordUtil.java:19)
	at com.kms.katalon.core.util.KeywordUtil$markFailed$0.call(Unknown Source)
	at actionKeyword.SelectByXPathKeyword.setTextElementByXPath(SelectByXPathKeyword.groovy:71)
	at actionKeyword.SelectByXPathKeyword.invokeMethod(SelectByXPathKeyword.groovy)
	at com.kms.katalon.core.main.CustomKeywordDelegatingMetaClass.invokeStaticMethod(CustomKeywordDelegatingMetaClass.java:50)
	at AboutUs_Contact_FillInData.run(AboutUs_Contact_FillInData:16)
	at com.kms.katalon.core.main.ScriptEngine.run(ScriptEngine.java:194)
	at com.kms.katalon.core.main.ScriptEngine.runScriptAsRawText(ScriptEngine.java:119)
	at com.kms.katalon.core.main.TestCaseExecutor.runScript(TestCaseExecutor.java:337)
	at com.kms.katalon.core.main.TestCaseExecutor.doExecute(TestCaseExecutor.java:328)
	at com.kms.katalon.core.main.TestCaseExecutor.processExecutionPhase(TestCaseExecutor.java:307)
	at com.kms.katalon.core.main.TestCaseExecutor.accessMainPhase(TestCaseExecutor.java:299)
	at com.kms.katalon.core.main.TestCaseExecutor.execute(TestCaseExecutor.java:233)
	at com.kms.katalon.core.main.TestSuiteExecutor.accessTestCaseMainPhase(TestSuiteExecutor.java:169)
	at com.kms.katalon.core.main.TestSuiteExecutor.accessTestSuiteMainPhase(TestSuiteExecutor.java:142)
	at com.kms.katalon.core.main.TestSuiteExecutor.execute(TestSuiteExecutor.java:91)
	at com.kms.katalon.core.main.TestCaseMain.startTestSuite(TestCaseMain.java:157)
	at com.kms.katalon.core.main.TestCaseMain$startTestSuite$0.call(Unknown Source)
	at TempTestSuite1576997762258.run(TempTestSuite1576997762258.groovy:36)


2019-12-22 13:56:33 - [TEST_STEP][FAILED] - actionKeyword.SelectByXPathKeyword.setTextElementByXPath("//input[@id='edit-first-name']", varFirstname): com.kms.katalon.core.exception.StepFailedException: Fail to enter text

2019-12-22 13:56:34 - [MESSAGE][FAILED] - Fail to enter text

2019-12-22 13:56:34 - [MESSAGE][FAILED] - com.kms.katalon.core.exception.StepFailedException: Fail to enter text

2019-12-22 13:56:34 - [TEST_STEP][FAILED] - actionKeyword.SelectByXPathKeyword.setTextElementByXPath("//input[@id='edit-last-name']", varLastname): com.kms.katalon.core.exception.StepFailedException: Fail to enter text

2019-12-22 13:56:36 - [MESSAGE][FAILED] - Fail to enter text

2019-12-22 13:56:36 - [MESSAGE][FAILED] - com.kms.katalon.core.exception.StepFailedException: Fail to enter text

2019-12-22 13:56:36 - [TEST_STEP][PASSED] - actionKeyword.SelectByXPathKeyword.setTextElementByXPath("//input[@id='edit-email']", varEmail): Text is inputted successfully

2019-12-22 13:56:36 - [MESSAGE][PASSED] - Text is inputted successfully

2019-12-22 13:56:36 - [TEST_STEP][FAILED] - actionKeyword.SelectByXPathKeyword.setTextElementByXPath("//input[@id='edit-phone']", varContact): com.kms.katalon.core.exception.StepFailedException: Fail to enter text

2019-12-22 13:56:38 - [MESSAGE][FAILED] - Fail to enter text

2019-12-22 13:56:38 - [MESSAGE][FAILED] - com.kms.katalon.core.exception.StepFailedException: Fail to enter text

2019-12-22 13:56:38 - [TEST_STEP][FAILED] - actionKeyword.SelectByXPathKeyword.selectCountryDropDownList("Vietnam"): com.kms.katalon.core.exception.StepFailedException: Fail to click on element

2019-12-22 13:56:39 - [MESSAGE][FAILED] - Fail to click on element

2019-12-22 13:56:39 - [MESSAGE][FAILED] - com.kms.katalon.core.exception.StepFailedException: Fail to click on element

2019-12-22 13:56:39 - [TEST_STEP][FAILED] - actionKeyword.SelectByXPathKeyword.setTextElementByXPath("//input[@id='state']", varCity): com.kms.katalon.core.exception.StepFailedException: Fail to enter text

2019-12-22 13:56:40 - [MESSAGE][FAILED] - Fail to enter text

2019-12-22 13:56:40 - [MESSAGE][FAILED] - com.kms.katalon.core.exception.StepFailedException: Fail to enter text

2019-12-22 13:56:40 - [TEST_STEP][FAILED] - actionKeyword.SelectByXPathKeyword.selectNationalityDropDownList("Vietnamese"): com.kms.katalon.core.exception.StepFailedException: Fail to click on element

2019-12-22 13:56:41 - [MESSAGE][FAILED] - Fail to click on element

2019-12-22 13:56:41 - [MESSAGE][FAILED] - com.kms.katalon.core.exception.StepFailedException: Fail to click on element]]></system-out>
         <system-err><![CDATA[2019-12-22 13:56:33 - [TEST_CASE][FAILED] - Test Cases/Feature_TestCase/TestCase_About_US/AboutUs_Contact_FillInData: Test Cases/Feature_TestCase/TestCase_About_US/AboutUs_Contact_FillInData FAILED.
Reason:
com.kms.katalon.core.exception.StepFailedException: Fail to enter text
	at com.kms.katalon.core.util.KeywordUtil.markFailed(KeywordUtil.java:19)
	at com.kms.katalon.core.util.KeywordUtil$markFailed$0.call(Unknown Source)
	at actionKeyword.SelectByXPathKeyword.setTextElementByXPath(SelectByXPathKeyword.groovy:71)
	at actionKeyword.SelectByXPathKeyword.invokeMethod(SelectByXPathKeyword.groovy)
	at com.kms.katalon.core.main.CustomKeywordDelegatingMetaClass.invokeStaticMethod(CustomKeywordDelegatingMetaClass.java:50)
	at AboutUs_Contact_FillInData.run(AboutUs_Contact_FillInData:16)
	at com.kms.katalon.core.main.ScriptEngine.run(ScriptEngine.java:194)
	at com.kms.katalon.core.main.ScriptEngine.runScriptAsRawText(ScriptEngine.java:119)
	at com.kms.katalon.core.main.TestCaseExecutor.runScript(TestCaseExecutor.java:337)
	at com.kms.katalon.core.main.TestCaseExecutor.doExecute(TestCaseExecutor.java:328)
	at com.kms.katalon.core.main.TestCaseExecutor.processExecutionPhase(TestCaseExecutor.java:307)
	at com.kms.katalon.core.main.TestCaseExecutor.accessMainPhase(TestCaseExecutor.java:299)
	at com.kms.katalon.core.main.TestCaseExecutor.execute(TestCaseExecutor.java:233)
	at com.kms.katalon.core.main.TestSuiteExecutor.accessTestCaseMainPhase(TestSuiteExecutor.java:169)
	at com.kms.katalon.core.main.TestSuiteExecutor.accessTestSuiteMainPhase(TestSuiteExecutor.java:142)
	at com.kms.katalon.core.main.TestSuiteExecutor.execute(TestSuiteExecutor.java:91)
	at com.kms.katalon.core.main.TestCaseMain.startTestSuite(TestCaseMain.java:157)
	at com.kms.katalon.core.main.TestCaseMain$startTestSuite$0.call(Unknown Source)
	at TempTestSuite1576997762258.run(TempTestSuite1576997762258.groovy:36)]]></system-err>
      </testcase>
      <testcase name="Test Cases/Feature_TestCase/TestCase_About_US/AboutUs_Contact_FillInData" time="8.126" classname="Test Cases/Feature_TestCase/TestCase_About_US/AboutUs_Contact_FillInData" status="FAILED">
         <failure type="FAILED" message="Test Cases/Feature_TestCase/TestCase_About_US/AboutUs_Contact_FillInData FAILED.
Reason:
com.kms.katalon.core.exception.StepFailedException: Fail to enter text
	at com.kms.katalon.core.util.KeywordUtil.markFailed(KeywordUtil.java:19)
	at com.kms.katalon.core.util.KeywordUtil$markFailed$0.call(Unknown Source)
	at actionKeyword.SelectByXPathKeyword.setTextElementByXPath(SelectByXPathKeyword.groovy:71)
	at actionKeyword.SelectByXPathKeyword.invokeMethod(SelectByXPathKeyword.groovy)
	at com.kms.katalon.core.main.CustomKeywordDelegatingMetaClass.invokeStaticMethod(CustomKeywordDelegatingMetaClass.java:50)
	at AboutUs_Contact_FillInData.run(AboutUs_Contact_FillInData:16)
	at com.kms.katalon.core.main.ScriptEngine.run(ScriptEngine.java:194)
	at com.kms.katalon.core.main.ScriptEngine.runScriptAsRawText(ScriptEngine.java:119)
	at com.kms.katalon.core.main.TestCaseExecutor.runScript(TestCaseExecutor.java:337)
	at com.kms.katalon.core.main.TestCaseExecutor.doExecute(TestCaseExecutor.java:328)
	at com.kms.katalon.core.main.TestCaseExecutor.processExecutionPhase(TestCaseExecutor.java:307)
	at com.kms.katalon.core.main.TestCaseExecutor.accessMainPhase(TestCaseExecutor.java:299)
	at com.kms.katalon.core.main.TestCaseExecutor.execute(TestCaseExecutor.java:233)
	at com.kms.katalon.core.main.TestSuiteExecutor.accessTestCaseMainPhase(TestSuiteExecutor.java:169)
	at com.kms.katalon.core.main.TestSuiteExecutor.accessTestSuiteMainPhase(TestSuiteExecutor.java:142)
	at com.kms.katalon.core.main.TestSuiteExecutor.execute(TestSuiteExecutor.java:91)
	at com.kms.katalon.core.main.TestCaseMain.startTestSuite(TestCaseMain.java:157)
	at com.kms.katalon.core.main.TestCaseMain$startTestSuite$0.call(Unknown Source)
	at TempTestSuite1576997762258.run(TempTestSuite1576997762258.groovy:36)
"/>
         <system-out><![CDATA[2019-12-22 13:56:42 - [TEST_CASE][FAILED] - Test Cases/Feature_TestCase/TestCase_About_US/AboutUs_Contact_FillInData: Test Cases/Feature_TestCase/TestCase_About_US/AboutUs_Contact_FillInData FAILED.
Reason:
com.kms.katalon.core.exception.StepFailedException: Fail to enter text
	at com.kms.katalon.core.util.KeywordUtil.markFailed(KeywordUtil.java:19)
	at com.kms.katalon.core.util.KeywordUtil$markFailed$0.call(Unknown Source)
	at actionKeyword.SelectByXPathKeyword.setTextElementByXPath(SelectByXPathKeyword.groovy:71)
	at actionKeyword.SelectByXPathKeyword.invokeMethod(SelectByXPathKeyword.groovy)
	at com.kms.katalon.core.main.CustomKeywordDelegatingMetaClass.invokeStaticMethod(CustomKeywordDelegatingMetaClass.java:50)
	at AboutUs_Contact_FillInData.run(AboutUs_Contact_FillInData:16)
	at com.kms.katalon.core.main.ScriptEngine.run(ScriptEngine.java:194)
	at com.kms.katalon.core.main.ScriptEngine.runScriptAsRawText(ScriptEngine.java:119)
	at com.kms.katalon.core.main.TestCaseExecutor.runScript(TestCaseExecutor.java:337)
	at com.kms.katalon.core.main.TestCaseExecutor.doExecute(TestCaseExecutor.java:328)
	at com.kms.katalon.core.main.TestCaseExecutor.processExecutionPhase(TestCaseExecutor.java:307)
	at com.kms.katalon.core.main.TestCaseExecutor.accessMainPhase(TestCaseExecutor.java:299)
	at com.kms.katalon.core.main.TestCaseExecutor.execute(TestCaseExecutor.java:233)
	at com.kms.katalon.core.main.TestSuiteExecutor.accessTestCaseMainPhase(TestSuiteExecutor.java:169)
	at com.kms.katalon.core.main.TestSuiteExecutor.accessTestSuiteMainPhase(TestSuiteExecutor.java:142)
	at com.kms.katalon.core.main.TestSuiteExecutor.execute(TestSuiteExecutor.java:91)
	at com.kms.katalon.core.main.TestCaseMain.startTestSuite(TestCaseMain.java:157)
	at com.kms.katalon.core.main.TestCaseMain$startTestSuite$0.call(Unknown Source)
	at TempTestSuite1576997762258.run(TempTestSuite1576997762258.groovy:36)


2019-12-22 13:56:42 - [TEST_STEP][FAILED] - actionKeyword.SelectByXPathKeyword.setTextElementByXPath("//input[@id='edit-first-name']", varFirstname): com.kms.katalon.core.exception.StepFailedException: Fail to enter text

2019-12-22 13:56:43 - [MESSAGE][FAILED] - Fail to enter text

2019-12-22 13:56:43 - [MESSAGE][FAILED] - com.kms.katalon.core.exception.StepFailedException: Fail to enter text

2019-12-22 13:56:43 - [TEST_STEP][FAILED] - actionKeyword.SelectByXPathKeyword.setTextElementByXPath("//input[@id='edit-last-name']", varLastname): com.kms.katalon.core.exception.StepFailedException: Fail to enter text

2019-12-22 13:56:44 - [MESSAGE][FAILED] - Fail to enter text

2019-12-22 13:56:44 - [MESSAGE][FAILED] - com.kms.katalon.core.exception.StepFailedException: Fail to enter text

2019-12-22 13:56:44 - [TEST_STEP][PASSED] - actionKeyword.SelectByXPathKeyword.setTextElementByXPath("//input[@id='edit-email']", varEmail): Text is inputted successfully

2019-12-22 13:56:45 - [MESSAGE][PASSED] - Text is inputted successfully

2019-12-22 13:56:45 - [TEST_STEP][FAILED] - actionKeyword.SelectByXPathKeyword.setTextElementByXPath("//input[@id='edit-phone']", varContact): com.kms.katalon.core.exception.StepFailedException: Fail to enter text

2019-12-22 13:56:46 - [MESSAGE][FAILED] - Fail to enter text

2019-12-22 13:56:46 - [MESSAGE][FAILED] - com.kms.katalon.core.exception.StepFailedException: Fail to enter text

2019-12-22 13:56:46 - [TEST_STEP][FAILED] - actionKeyword.SelectByXPathKeyword.selectCountryDropDownList("Vietnam"): com.kms.katalon.core.exception.StepFailedException: Fail to click on element

2019-12-22 13:56:47 - [MESSAGE][FAILED] - Fail to click on element

2019-12-22 13:56:47 - [MESSAGE][FAILED] - com.kms.katalon.core.exception.StepFailedException: Fail to click on element

2019-12-22 13:56:47 - [TEST_STEP][FAILED] - actionKeyword.SelectByXPathKeyword.setTextElementByXPath("//input[@id='state']", varCity): com.kms.katalon.core.exception.StepFailedException: Fail to enter text

2019-12-22 13:56:48 - [MESSAGE][FAILED] - Fail to enter text

2019-12-22 13:56:48 - [MESSAGE][FAILED] - com.kms.katalon.core.exception.StepFailedException: Fail to enter text

2019-12-22 13:56:48 - [TEST_STEP][FAILED] - actionKeyword.SelectByXPathKeyword.selectNationalityDropDownList("Vietnamese"): com.kms.katalon.core.exception.StepFailedException: Fail to click on element

2019-12-22 13:56:50 - [MESSAGE][FAILED] - Fail to click on element

2019-12-22 13:56:50 - [MESSAGE][FAILED] - com.kms.katalon.core.exception.StepFailedException: Fail to click on element]]></system-out>
         <system-err><![CDATA[2019-12-22 13:56:42 - [TEST_CASE][FAILED] - Test Cases/Feature_TestCase/TestCase_About_US/AboutUs_Contact_FillInData: Test Cases/Feature_TestCase/TestCase_About_US/AboutUs_Contact_FillInData FAILED.
Reason:
com.kms.katalon.core.exception.StepFailedException: Fail to enter text
	at com.kms.katalon.core.util.KeywordUtil.markFailed(KeywordUtil.java:19)
	at com.kms.katalon.core.util.KeywordUtil$markFailed$0.call(Unknown Source)
	at actionKeyword.SelectByXPathKeyword.setTextElementByXPath(SelectByXPathKeyword.groovy:71)
	at actionKeyword.SelectByXPathKeyword.invokeMethod(SelectByXPathKeyword.groovy)
	at com.kms.katalon.core.main.CustomKeywordDelegatingMetaClass.invokeStaticMethod(CustomKeywordDelegatingMetaClass.java:50)
	at AboutUs_Contact_FillInData.run(AboutUs_Contact_FillInData:16)
	at com.kms.katalon.core.main.ScriptEngine.run(ScriptEngine.java:194)
	at com.kms.katalon.core.main.ScriptEngine.runScriptAsRawText(ScriptEngine.java:119)
	at com.kms.katalon.core.main.TestCaseExecutor.runScript(TestCaseExecutor.java:337)
	at com.kms.katalon.core.main.TestCaseExecutor.doExecute(TestCaseExecutor.java:328)
	at com.kms.katalon.core.main.TestCaseExecutor.processExecutionPhase(TestCaseExecutor.java:307)
	at com.kms.katalon.core.main.TestCaseExecutor.accessMainPhase(TestCaseExecutor.java:299)
	at com.kms.katalon.core.main.TestCaseExecutor.execute(TestCaseExecutor.java:233)
	at com.kms.katalon.core.main.TestSuiteExecutor.accessTestCaseMainPhase(TestSuiteExecutor.java:169)
	at com.kms.katalon.core.main.TestSuiteExecutor.accessTestSuiteMainPhase(TestSuiteExecutor.java:142)
	at com.kms.katalon.core.main.TestSuiteExecutor.execute(TestSuiteExecutor.java:91)
	at com.kms.katalon.core.main.TestCaseMain.startTestSuite(TestCaseMain.java:157)
	at com.kms.katalon.core.main.TestCaseMain$startTestSuite$0.call(Unknown Source)
	at TempTestSuite1576997762258.run(TempTestSuite1576997762258.groovy:36)]]></system-err>
      </testcase>
      <system-out><![CDATA[2019-12-22 13:56:04 - [TEST_SUITE][FAILED] - TestSuit_PartnerUs: Test Cases/Keyword_TestCase/TestCase_WorkWithUS/WorkWithUS_Partner_Us FAILED.
Reason:
com.kms.katalon.core.exception.StepFailedException: Fail to click on element
	at com.kms.katalon.core.util.KeywordUtil.markFailed(KeywordUtil.java:19)
	at com.kms.katalon.core.util.KeywordUtil$markFailed$0.call(Unknown Source)
	at actionKeyword.SelectByXPathKeyword.clickElementByXPath(SelectByXPathKeyword.groovy:89)
	at actionKeyword.SelectByXPathKeyword.invokeMethod(SelectByXPathKeyword.groovy)
	at com.kms.katalon.core.main.CustomKeywordDelegatingMetaClass.invokeStaticMethod(CustomKeywordDelegatingMetaClass.java:50)
	at WorkWithUS_Partner_Us.run(WorkWithUS_Partner_Us:20)
	at com.kms.katalon.core.main.ScriptEngine.run(ScriptEngine.java:194)
	at com.kms.katalon.core.main.ScriptEngine.runScriptAsRawText(ScriptEngine.java:119)
	at com.kms.katalon.core.main.TestCaseExecutor.runScript(TestCaseExecutor.java:337)
	at com.kms.katalon.core.main.TestCaseExecutor.doExecute(TestCaseExecutor.java:328)
	at com.kms.katalon.core.main.TestCaseExecutor.processExecutionPhase(TestCaseExecutor.java:307)
	at com.kms.katalon.core.main.TestCaseExecutor.accessMainPhase(TestCaseExecutor.java:299)
	at com.kms.katalon.core.main.TestCaseExecutor.execute(TestCaseExecutor.java:233)
	at com.kms.katalon.core.main.TestSuiteExecutor.accessTestCaseMainPhase(TestSuiteExecutor.java:169)
	at com.kms.katalon.core.main.TestSuiteExecutor.accessTestSuiteMainPhase(TestSuiteExecutor.java:142)
	at com.kms.katalon.core.main.TestSuiteExecutor.execute(TestSuiteExecutor.java:91)
	at com.kms.katalon.core.main.TestCaseMain.startTestSuite(TestCaseMain.java:157)
	at com.kms.katalon.core.main.TestCaseMain$startTestSuite$0.call(Unknown Source)
	at TempTestSuite1576997762258.run(TempTestSuite1576997762258.groovy:36)]]></system-out>
      <system-err><![CDATA[2019-12-22 13:56:04 - [TEST_SUITE][FAILED] - TestSuit_PartnerUs: Test Cases/Keyword_TestCase/TestCase_WorkWithUS/WorkWithUS_Partner_Us FAILED.
Reason:
com.kms.katalon.core.exception.StepFailedException: Fail to click on element
	at com.kms.katalon.core.util.KeywordUtil.markFailed(KeywordUtil.java:19)
	at com.kms.katalon.core.util.KeywordUtil$markFailed$0.call(Unknown Source)
	at actionKeyword.SelectByXPathKeyword.clickElementByXPath(SelectByXPathKeyword.groovy:89)
	at actionKeyword.SelectByXPathKeyword.invokeMethod(SelectByXPathKeyword.groovy)
	at com.kms.katalon.core.main.CustomKeywordDelegatingMetaClass.invokeStaticMethod(CustomKeywordDelegatingMetaClass.java:50)
	at WorkWithUS_Partner_Us.run(WorkWithUS_Partner_Us:20)
	at com.kms.katalon.core.main.ScriptEngine.run(ScriptEngine.java:194)
	at com.kms.katalon.core.main.ScriptEngine.runScriptAsRawText(ScriptEngine.java:119)
	at com.kms.katalon.core.main.TestCaseExecutor.runScript(TestCaseExecutor.java:337)
	at com.kms.katalon.core.main.TestCaseExecutor.doExecute(TestCaseExecutor.java:328)
	at com.kms.katalon.core.main.TestCaseExecutor.processExecutionPhase(TestCaseExecutor.java:307)
	at com.kms.katalon.core.main.TestCaseExecutor.accessMainPhase(TestCaseExecutor.java:299)
	at com.kms.katalon.core.main.TestCaseExecutor.execute(TestCaseExecutor.java:233)
	at com.kms.katalon.core.main.TestSuiteExecutor.accessTestCaseMainPhase(TestSuiteExecutor.java:169)
	at com.kms.katalon.core.main.TestSuiteExecutor.accessTestSuiteMainPhase(TestSuiteExecutor.java:142)
	at com.kms.katalon.core.main.TestSuiteExecutor.execute(TestSuiteExecutor.java:91)
	at com.kms.katalon.core.main.TestCaseMain.startTestSuite(TestCaseMain.java:157)
	at com.kms.katalon.core.main.TestCaseMain$startTestSuite$0.call(Unknown Source)
	at TempTestSuite1576997762258.run(TempTestSuite1576997762258.groovy:36)]]></system-err>
   </testsuite>
</testsuites>
