<?xml version="1.0" encoding="UTF-8"?>
<testsuites name="TestSuit_PitchStory" time="46.986" tests="3" failures="3" errors="0">
   <testsuite name="TestSuit_PitchStory" tests="3" failures="3" errors="0" time="46.986" timestamp="2019-12-30 09:51:48" hostname="hidadsek - nguyenthuc" id="Test Suites/TestSuit_PitchStory">
      <properties>
         <property name="deviceName" value=""/>
         <property name="devicePlatform" value=""/>
         <property name="logFolder" value="C:\\Users\\hidadsek\\Desktop\\Git\\Katalon-project\\Katalon_1st_Project\\Reports\\20191230_095144\\TestSuit_PitchStory\\20191230_095144"/>
         <property name="logFiles" value="C:\\Users\\hidadsek\\Desktop\\Git\\Katalon-project\\Katalon_1st_Project\\Reports\\20191230_095144\\TestSuit_PitchStory\\20191230_095144\\execution0.log"/>
         <property name="attachments" value=""/>
         <property name="hostName" value="hidadsek - nguyenthuc"/>
         <property name="os" value="Windows 8.1 64bit"/>
         <property name="katalonVersion" value="7.2.1.1"/>
         <property name="browser" value="Chrome 79.0.3945.88"/>
         <property name="hostAddress" value="192.168.52.246"/>
         <property name="sessionId" value="3b55e7bdedf91c1718583af1fe357de4"/>
         <property name="seleniumVersion" value="3.141.59"/>
         <property name="proxyInformation" value="ProxyInformation{proxyOption=NO_PROXY, proxyServerType=HTTP, password=, proxyServerAddress=, proxyServerPort=0, executionList=}"/>
         <property name="platform" value="Windows 8.1"/>
      </properties>
      <testcase name="Test Cases/Keyword_TestCase/TestCase_WorkWithUS/WorkWithUS_Pitch_Stories" time="29.723" classname="Test Cases/Keyword_TestCase/TestCase_WorkWithUS/WorkWithUS_Pitch_Stories" status="FAILED">
         <failure type="FAILED" message="Test Cases/Keyword_TestCase/TestCase_WorkWithUS/WorkWithUS_Pitch_Stories FAILED.
Reason:
com.kms.katalon.core.exception.StepFailedException: Fail to click on element
	at com.kms.katalon.core.util.KeywordUtil.markFailed(KeywordUtil.java:19)
	at com.kms.katalon.core.util.KeywordUtil$markFailed.call(Unknown Source)
	at actionKeyword.SelectByXPathKeyword.clickElementByXPath(SelectByXPathKeyword.groovy:91)
	at actionKeyword.SelectByXPathKeyword.invokeMethod(SelectByXPathKeyword.groovy)
	at com.kms.katalon.core.main.CustomKeywordDelegatingMetaClass.invokeStaticMethod(CustomKeywordDelegatingMetaClass.java:50)
	at WorkWithUS_Pitch_Stories.run(WorkWithUS_Pitch_Stories:18)
	at com.kms.katalon.core.main.ScriptEngine.run(ScriptEngine.java:194)
	at com.kms.katalon.core.main.ScriptEngine.runScriptAsRawText(ScriptEngine.java:119)
	at com.kms.katalon.core.main.TestCaseExecutor.runScript(TestCaseExecutor.java:337)
	at com.kms.katalon.core.main.TestCaseExecutor.doExecute(TestCaseExecutor.java:328)
	at com.kms.katalon.core.main.TestCaseExecutor.processExecutionPhase(TestCaseExecutor.java:307)
	at com.kms.katalon.core.main.TestCaseExecutor.accessMainPhase(TestCaseExecutor.java:299)
	at com.kms.katalon.core.main.TestCaseExecutor.execute(TestCaseExecutor.java:233)
	at com.kms.katalon.core.main.TestSuiteExecutor.accessTestCaseMainPhase(TestSuiteExecutor.java:169)
	at com.kms.katalon.core.main.TestSuiteExecutor.accessTestSuiteMainPhase(TestSuiteExecutor.java:142)
	at com.kms.katalon.core.main.TestSuiteExecutor.execute(TestSuiteExecutor.java:91)
	at com.kms.katalon.core.main.TestCaseMain.startTestSuite(TestCaseMain.java:157)
	at com.kms.katalon.core.main.TestCaseMain$startTestSuite$0.call(Unknown Source)
	at TempTestSuite1577674305037.run(TempTestSuite1577674305037.groovy:36)
"/>
         <system-out><![CDATA[2019-12-30 09:51:49 - [TEST_CASE][FAILED] - Test Cases/Keyword_TestCase/TestCase_WorkWithUS/WorkWithUS_Pitch_Stories: Test Cases/Keyword_TestCase/TestCase_WorkWithUS/WorkWithUS_Pitch_Stories FAILED.
Reason:
com.kms.katalon.core.exception.StepFailedException: Fail to click on element
	at com.kms.katalon.core.util.KeywordUtil.markFailed(KeywordUtil.java:19)
	at com.kms.katalon.core.util.KeywordUtil$markFailed.call(Unknown Source)
	at actionKeyword.SelectByXPathKeyword.clickElementByXPath(SelectByXPathKeyword.groovy:91)
	at actionKeyword.SelectByXPathKeyword.invokeMethod(SelectByXPathKeyword.groovy)
	at com.kms.katalon.core.main.CustomKeywordDelegatingMetaClass.invokeStaticMethod(CustomKeywordDelegatingMetaClass.java:50)
	at WorkWithUS_Pitch_Stories.run(WorkWithUS_Pitch_Stories:18)
	at com.kms.katalon.core.main.ScriptEngine.run(ScriptEngine.java:194)
	at com.kms.katalon.core.main.ScriptEngine.runScriptAsRawText(ScriptEngine.java:119)
	at com.kms.katalon.core.main.TestCaseExecutor.runScript(TestCaseExecutor.java:337)
	at com.kms.katalon.core.main.TestCaseExecutor.doExecute(TestCaseExecutor.java:328)
	at com.kms.katalon.core.main.TestCaseExecutor.processExecutionPhase(TestCaseExecutor.java:307)
	at com.kms.katalon.core.main.TestCaseExecutor.accessMainPhase(TestCaseExecutor.java:299)
	at com.kms.katalon.core.main.TestCaseExecutor.execute(TestCaseExecutor.java:233)
	at com.kms.katalon.core.main.TestSuiteExecutor.accessTestCaseMainPhase(TestSuiteExecutor.java:169)
	at com.kms.katalon.core.main.TestSuiteExecutor.accessTestSuiteMainPhase(TestSuiteExecutor.java:142)
	at com.kms.katalon.core.main.TestSuiteExecutor.execute(TestSuiteExecutor.java:91)
	at com.kms.katalon.core.main.TestCaseMain.startTestSuite(TestCaseMain.java:157)
	at com.kms.katalon.core.main.TestCaseMain$startTestSuite$0.call(Unknown Source)
	at TempTestSuite1577674305037.run(TempTestSuite1577674305037.groovy:36)


2019-12-30 09:51:49 - [TEST_STEP][PASSED] - actionKeyword.BrowserKeyword.openBrowser("https://www.ourbetterworld.org/"): actionKeyword.BrowserKeyword.openBrowser is PASSED

2019-12-30 09:51:50 - [MESSAGE][INFO] - Starting 'Chrome' driver

2019-12-30 09:51:50 - [MESSAGE][INFO] - Action delay is set to 0 seconds

2019-12-30 09:52:05 - [MESSAGE][PASSED] - Browser is opened with url: 'https://www.ourbetterworld.org/'

2019-12-30 09:52:07 - [MESSAGE][PASSED] - actionKeyword.BrowserKeyword.openBrowser is PASSED

2019-12-30 09:52:07 - [TEST_STEP][FAILED] - actionKeyword.SelectByXPathKeyword.clickElementByXPath("//div[@class='navigation float-left']//li//a[text()='Work With Us']"): com.kms.katalon.core.exception.StepFailedException: Fail to click on element

2019-12-30 09:52:08 - [MESSAGE][FAILED] - Fail to click on element

2019-12-30 09:52:08 - [MESSAGE][FAILED] - com.kms.katalon.core.exception.StepFailedException: Fail to click on element

2019-12-30 09:52:08 - [TEST_STEP][PASSED] - modalKeyword.DelayModal.deLay(5000): modalKeyword.DelayModal.deLay is PASSED

2019-12-30 09:52:13 - [MESSAGE][PASSED] - modalKeyword.DelayModal.deLay is PASSED

2019-12-30 09:52:13 - [TEST_STEP][FAILED] - actionKeyword.VerifyKeyword.verifyTextByXPath("//div[@id="block-obw-theme-content"]/article/div/div[1]/div/div[2]/h1/div", "Pitch Stories"): com.kms.katalon.core.exception.StepFailedException: Unexpected error happens

2019-12-30 09:52:15 - [MESSAGE][FAILED] - Unexpected error happens

2019-12-30 09:52:15 - [MESSAGE][FAILED] - com.kms.katalon.core.exception.StepFailedException: Unexpected error happens

2019-12-30 09:52:15 - [TEST_STEP][FAILED] - actionKeyword.VerifyKeyword.verifyElementExistByXpath("//*[@id="video-embeded-hero"]"): com.kms.katalon.core.exception.StepFailedException: Element does not exists

2019-12-30 09:52:16 - [MESSAGE][FAILED] - Element does not exists

2019-12-30 09:52:16 - [MESSAGE][FAILED] - com.kms.katalon.core.exception.StepFailedException: Element does not exists

2019-12-30 09:52:16 - [TEST_STEP][FAILED] - actionKeyword.SelectByXPathKeyword.clickElementByXPath("//*[@id="block-obw-theme-content"]//div[@class='button-group']/a[text()='Pitch your story']"): com.kms.katalon.core.exception.StepFailedException: Fail to click on element

2019-12-30 09:52:17 - [MESSAGE][FAILED] - Fail to click on element

2019-12-30 09:52:17 - [MESSAGE][FAILED] - com.kms.katalon.core.exception.StepFailedException: Fail to click on element

2019-12-30 09:52:17 - [TEST_STEP][PASSED] - waitForPageLoad(10): Wait for page load successfully

2019-12-30 09:52:18 - [MESSAGE][PASSED] - Wait for page load successfully

2019-12-30 09:52:18 - [TEST_STEP][FAILED] - actionKeyword.VerifyKeyword.verifyURLInTheSameTab("contact-us?purpose=pitch_us_a_story"): com.kms.katalon.core.exception.StepFailedException: https://www.ourbetterworld.org/ do not match

2019-12-30 09:52:18 - [MESSAGE][FAILED] - https://www.ourbetterworld.org/ do not match

2019-12-30 09:52:18 - [MESSAGE][FAILED] - com.kms.katalon.core.exception.StepFailedException: https://www.ourbetterworld.org/ do not match]]></system-out>
         <system-err><![CDATA[2019-12-30 09:51:49 - [TEST_CASE][FAILED] - Test Cases/Keyword_TestCase/TestCase_WorkWithUS/WorkWithUS_Pitch_Stories: Test Cases/Keyword_TestCase/TestCase_WorkWithUS/WorkWithUS_Pitch_Stories FAILED.
Reason:
com.kms.katalon.core.exception.StepFailedException: Fail to click on element
	at com.kms.katalon.core.util.KeywordUtil.markFailed(KeywordUtil.java:19)
	at com.kms.katalon.core.util.KeywordUtil$markFailed.call(Unknown Source)
	at actionKeyword.SelectByXPathKeyword.clickElementByXPath(SelectByXPathKeyword.groovy:91)
	at actionKeyword.SelectByXPathKeyword.invokeMethod(SelectByXPathKeyword.groovy)
	at com.kms.katalon.core.main.CustomKeywordDelegatingMetaClass.invokeStaticMethod(CustomKeywordDelegatingMetaClass.java:50)
	at WorkWithUS_Pitch_Stories.run(WorkWithUS_Pitch_Stories:18)
	at com.kms.katalon.core.main.ScriptEngine.run(ScriptEngine.java:194)
	at com.kms.katalon.core.main.ScriptEngine.runScriptAsRawText(ScriptEngine.java:119)
	at com.kms.katalon.core.main.TestCaseExecutor.runScript(TestCaseExecutor.java:337)
	at com.kms.katalon.core.main.TestCaseExecutor.doExecute(TestCaseExecutor.java:328)
	at com.kms.katalon.core.main.TestCaseExecutor.processExecutionPhase(TestCaseExecutor.java:307)
	at com.kms.katalon.core.main.TestCaseExecutor.accessMainPhase(TestCaseExecutor.java:299)
	at com.kms.katalon.core.main.TestCaseExecutor.execute(TestCaseExecutor.java:233)
	at com.kms.katalon.core.main.TestSuiteExecutor.accessTestCaseMainPhase(TestSuiteExecutor.java:169)
	at com.kms.katalon.core.main.TestSuiteExecutor.accessTestSuiteMainPhase(TestSuiteExecutor.java:142)
	at com.kms.katalon.core.main.TestSuiteExecutor.execute(TestSuiteExecutor.java:91)
	at com.kms.katalon.core.main.TestCaseMain.startTestSuite(TestCaseMain.java:157)
	at com.kms.katalon.core.main.TestCaseMain$startTestSuite$0.call(Unknown Source)
	at TempTestSuite1577674305037.run(TempTestSuite1577674305037.groovy:36)]]></system-err>
      </testcase>
      <testcase name="Test Cases/Feature_TestCase/TestCase_About_US/AboutUs_Contact_FillInData" time="9.208" classname="Test Cases/Feature_TestCase/TestCase_About_US/AboutUs_Contact_FillInData" status="FAILED">
         <failure type="FAILED" message="Test Cases/Feature_TestCase/TestCase_About_US/AboutUs_Contact_FillInData FAILED.
Reason:
com.kms.katalon.core.exception.StepFailedException: Fail to enter text
	at com.kms.katalon.core.util.KeywordUtil.markFailed(KeywordUtil.java:19)
	at com.kms.katalon.core.util.KeywordUtil$markFailed.call(Unknown Source)
	at actionKeyword.SelectByXPathKeyword.setTextElementByXPath(SelectByXPathKeyword.groovy:73)
	at actionKeyword.SelectByXPathKeyword.invokeMethod(SelectByXPathKeyword.groovy)
	at com.kms.katalon.core.main.CustomKeywordDelegatingMetaClass.invokeStaticMethod(CustomKeywordDelegatingMetaClass.java:50)
	at AboutUs_Contact_FillInData.run(AboutUs_Contact_FillInData:16)
	at com.kms.katalon.core.main.ScriptEngine.run(ScriptEngine.java:194)
	at com.kms.katalon.core.main.ScriptEngine.runScriptAsRawText(ScriptEngine.java:119)
	at com.kms.katalon.core.main.TestCaseExecutor.runScript(TestCaseExecutor.java:337)
	at com.kms.katalon.core.main.TestCaseExecutor.doExecute(TestCaseExecutor.java:328)
	at com.kms.katalon.core.main.TestCaseExecutor.processExecutionPhase(TestCaseExecutor.java:307)
	at com.kms.katalon.core.main.TestCaseExecutor.accessMainPhase(TestCaseExecutor.java:299)
	at com.kms.katalon.core.main.TestCaseExecutor.execute(TestCaseExecutor.java:233)
	at com.kms.katalon.core.main.TestSuiteExecutor.accessTestCaseMainPhase(TestSuiteExecutor.java:169)
	at com.kms.katalon.core.main.TestSuiteExecutor.accessTestSuiteMainPhase(TestSuiteExecutor.java:142)
	at com.kms.katalon.core.main.TestSuiteExecutor.execute(TestSuiteExecutor.java:91)
	at com.kms.katalon.core.main.TestCaseMain.startTestSuite(TestCaseMain.java:157)
	at com.kms.katalon.core.main.TestCaseMain$startTestSuite$0.call(Unknown Source)
	at TempTestSuite1577674305037.run(TempTestSuite1577674305037.groovy:36)
"/>
         <system-out><![CDATA[2019-12-30 09:52:19 - [TEST_CASE][FAILED] - Test Cases/Feature_TestCase/TestCase_About_US/AboutUs_Contact_FillInData: Test Cases/Feature_TestCase/TestCase_About_US/AboutUs_Contact_FillInData FAILED.
Reason:
com.kms.katalon.core.exception.StepFailedException: Fail to enter text
	at com.kms.katalon.core.util.KeywordUtil.markFailed(KeywordUtil.java:19)
	at com.kms.katalon.core.util.KeywordUtil$markFailed.call(Unknown Source)
	at actionKeyword.SelectByXPathKeyword.setTextElementByXPath(SelectByXPathKeyword.groovy:73)
	at actionKeyword.SelectByXPathKeyword.invokeMethod(SelectByXPathKeyword.groovy)
	at com.kms.katalon.core.main.CustomKeywordDelegatingMetaClass.invokeStaticMethod(CustomKeywordDelegatingMetaClass.java:50)
	at AboutUs_Contact_FillInData.run(AboutUs_Contact_FillInData:16)
	at com.kms.katalon.core.main.ScriptEngine.run(ScriptEngine.java:194)
	at com.kms.katalon.core.main.ScriptEngine.runScriptAsRawText(ScriptEngine.java:119)
	at com.kms.katalon.core.main.TestCaseExecutor.runScript(TestCaseExecutor.java:337)
	at com.kms.katalon.core.main.TestCaseExecutor.doExecute(TestCaseExecutor.java:328)
	at com.kms.katalon.core.main.TestCaseExecutor.processExecutionPhase(TestCaseExecutor.java:307)
	at com.kms.katalon.core.main.TestCaseExecutor.accessMainPhase(TestCaseExecutor.java:299)
	at com.kms.katalon.core.main.TestCaseExecutor.execute(TestCaseExecutor.java:233)
	at com.kms.katalon.core.main.TestSuiteExecutor.accessTestCaseMainPhase(TestSuiteExecutor.java:169)
	at com.kms.katalon.core.main.TestSuiteExecutor.accessTestSuiteMainPhase(TestSuiteExecutor.java:142)
	at com.kms.katalon.core.main.TestSuiteExecutor.execute(TestSuiteExecutor.java:91)
	at com.kms.katalon.core.main.TestCaseMain.startTestSuite(TestCaseMain.java:157)
	at com.kms.katalon.core.main.TestCaseMain$startTestSuite$0.call(Unknown Source)
	at TempTestSuite1577674305037.run(TempTestSuite1577674305037.groovy:36)


2019-12-30 09:52:19 - [TEST_STEP][FAILED] - actionKeyword.SelectByXPathKeyword.setTextElementByXPath("//input[@id='edit-first-name']", varFirstname): com.kms.katalon.core.exception.StepFailedException: Fail to enter text

2019-12-30 09:52:21 - [MESSAGE][FAILED] - Fail to enter text

2019-12-30 09:52:21 - [MESSAGE][FAILED] - com.kms.katalon.core.exception.StepFailedException: Fail to enter text

2019-12-30 09:52:21 - [TEST_STEP][FAILED] - actionKeyword.SelectByXPathKeyword.setTextElementByXPath("//input[@id='edit-last-name']", varLastname): com.kms.katalon.core.exception.StepFailedException: Fail to enter text

2019-12-30 09:52:22 - [MESSAGE][FAILED] - Fail to enter text

2019-12-30 09:52:22 - [MESSAGE][FAILED] - com.kms.katalon.core.exception.StepFailedException: Fail to enter text

2019-12-30 09:52:22 - [TEST_STEP][PASSED] - actionKeyword.SelectByXPathKeyword.setTextElementByXPath("//input[@id='edit-email']", varEmail): Text is inputted successfully

2019-12-30 09:52:23 - [MESSAGE][PASSED] - Text is inputted successfully

2019-12-30 09:52:23 - [TEST_STEP][FAILED] - actionKeyword.SelectByXPathKeyword.setTextElementByXPath("//input[@id='edit-phone']", varContact): com.kms.katalon.core.exception.StepFailedException: Fail to enter text

2019-12-30 09:52:25 - [MESSAGE][FAILED] - Fail to enter text

2019-12-30 09:52:25 - [MESSAGE][FAILED] - com.kms.katalon.core.exception.StepFailedException: Fail to enter text

2019-12-30 09:52:25 - [TEST_STEP][FAILED] - actionKeyword.SelectByXPathKeyword.selectCountryDropDownList("Vietnam"): com.kms.katalon.core.exception.StepFailedException: Fail to click on element

2019-12-30 09:52:26 - [MESSAGE][FAILED] - Fail to click on element

2019-12-30 09:52:26 - [MESSAGE][FAILED] - com.kms.katalon.core.exception.StepFailedException: Fail to click on element

2019-12-30 09:52:26 - [TEST_STEP][FAILED] - actionKeyword.SelectByXPathKeyword.setTextElementByXPath("//input[@id='state']", varCity): com.kms.katalon.core.exception.StepFailedException: Fail to enter text

2019-12-30 09:52:27 - [MESSAGE][FAILED] - Fail to enter text

2019-12-30 09:52:27 - [MESSAGE][FAILED] - com.kms.katalon.core.exception.StepFailedException: Fail to enter text

2019-12-30 09:52:27 - [TEST_STEP][FAILED] - actionKeyword.SelectByXPathKeyword.selectNationalityDropDownList("Vietnamese"): com.kms.katalon.core.exception.StepFailedException: Fail to click on element

2019-12-30 09:52:28 - [MESSAGE][FAILED] - Fail to click on element

2019-12-30 09:52:28 - [MESSAGE][FAILED] - com.kms.katalon.core.exception.StepFailedException: Fail to click on element]]></system-out>
         <system-err><![CDATA[2019-12-30 09:52:19 - [TEST_CASE][FAILED] - Test Cases/Feature_TestCase/TestCase_About_US/AboutUs_Contact_FillInData: Test Cases/Feature_TestCase/TestCase_About_US/AboutUs_Contact_FillInData FAILED.
Reason:
com.kms.katalon.core.exception.StepFailedException: Fail to enter text
	at com.kms.katalon.core.util.KeywordUtil.markFailed(KeywordUtil.java:19)
	at com.kms.katalon.core.util.KeywordUtil$markFailed.call(Unknown Source)
	at actionKeyword.SelectByXPathKeyword.setTextElementByXPath(SelectByXPathKeyword.groovy:73)
	at actionKeyword.SelectByXPathKeyword.invokeMethod(SelectByXPathKeyword.groovy)
	at com.kms.katalon.core.main.CustomKeywordDelegatingMetaClass.invokeStaticMethod(CustomKeywordDelegatingMetaClass.java:50)
	at AboutUs_Contact_FillInData.run(AboutUs_Contact_FillInData:16)
	at com.kms.katalon.core.main.ScriptEngine.run(ScriptEngine.java:194)
	at com.kms.katalon.core.main.ScriptEngine.runScriptAsRawText(ScriptEngine.java:119)
	at com.kms.katalon.core.main.TestCaseExecutor.runScript(TestCaseExecutor.java:337)
	at com.kms.katalon.core.main.TestCaseExecutor.doExecute(TestCaseExecutor.java:328)
	at com.kms.katalon.core.main.TestCaseExecutor.processExecutionPhase(TestCaseExecutor.java:307)
	at com.kms.katalon.core.main.TestCaseExecutor.accessMainPhase(TestCaseExecutor.java:299)
	at com.kms.katalon.core.main.TestCaseExecutor.execute(TestCaseExecutor.java:233)
	at com.kms.katalon.core.main.TestSuiteExecutor.accessTestCaseMainPhase(TestSuiteExecutor.java:169)
	at com.kms.katalon.core.main.TestSuiteExecutor.accessTestSuiteMainPhase(TestSuiteExecutor.java:142)
	at com.kms.katalon.core.main.TestSuiteExecutor.execute(TestSuiteExecutor.java:91)
	at com.kms.katalon.core.main.TestCaseMain.startTestSuite(TestCaseMain.java:157)
	at com.kms.katalon.core.main.TestCaseMain$startTestSuite$0.call(Unknown Source)
	at TempTestSuite1577674305037.run(TempTestSuite1577674305037.groovy:36)]]></system-err>
      </testcase>
      <testcase name="Test Cases/Feature_TestCase/TestCase_About_US/AboutUs_Contact_FillInData" time="5.869" classname="Test Cases/Feature_TestCase/TestCase_About_US/AboutUs_Contact_FillInData" status="FAILED">
         <failure type="FAILED" message="Test Cases/Feature_TestCase/TestCase_About_US/AboutUs_Contact_FillInData FAILED.
Reason:
com.kms.katalon.core.exception.StepFailedException: Fail to enter text
	at com.kms.katalon.core.util.KeywordUtil.markFailed(KeywordUtil.java:19)
	at com.kms.katalon.core.util.KeywordUtil$markFailed.call(Unknown Source)
	at actionKeyword.SelectByXPathKeyword.setTextElementByXPath(SelectByXPathKeyword.groovy:73)
	at actionKeyword.SelectByXPathKeyword.invokeMethod(SelectByXPathKeyword.groovy)
	at com.kms.katalon.core.main.CustomKeywordDelegatingMetaClass.invokeStaticMethod(CustomKeywordDelegatingMetaClass.java:50)
	at AboutUs_Contact_FillInData.run(AboutUs_Contact_FillInData:16)
	at com.kms.katalon.core.main.ScriptEngine.run(ScriptEngine.java:194)
	at com.kms.katalon.core.main.ScriptEngine.runScriptAsRawText(ScriptEngine.java:119)
	at com.kms.katalon.core.main.TestCaseExecutor.runScript(TestCaseExecutor.java:337)
	at com.kms.katalon.core.main.TestCaseExecutor.doExecute(TestCaseExecutor.java:328)
	at com.kms.katalon.core.main.TestCaseExecutor.processExecutionPhase(TestCaseExecutor.java:307)
	at com.kms.katalon.core.main.TestCaseExecutor.accessMainPhase(TestCaseExecutor.java:299)
	at com.kms.katalon.core.main.TestCaseExecutor.execute(TestCaseExecutor.java:233)
	at com.kms.katalon.core.main.TestSuiteExecutor.accessTestCaseMainPhase(TestSuiteExecutor.java:169)
	at com.kms.katalon.core.main.TestSuiteExecutor.accessTestSuiteMainPhase(TestSuiteExecutor.java:142)
	at com.kms.katalon.core.main.TestSuiteExecutor.execute(TestSuiteExecutor.java:91)
	at com.kms.katalon.core.main.TestCaseMain.startTestSuite(TestCaseMain.java:157)
	at com.kms.katalon.core.main.TestCaseMain$startTestSuite$0.call(Unknown Source)
	at TempTestSuite1577674305037.run(TempTestSuite1577674305037.groovy:36)
"/>
         <system-out><![CDATA[2019-12-30 09:52:29 - [TEST_CASE][FAILED] - Test Cases/Feature_TestCase/TestCase_About_US/AboutUs_Contact_FillInData: Test Cases/Feature_TestCase/TestCase_About_US/AboutUs_Contact_FillInData FAILED.
Reason:
com.kms.katalon.core.exception.StepFailedException: Fail to enter text
	at com.kms.katalon.core.util.KeywordUtil.markFailed(KeywordUtil.java:19)
	at com.kms.katalon.core.util.KeywordUtil$markFailed.call(Unknown Source)
	at actionKeyword.SelectByXPathKeyword.setTextElementByXPath(SelectByXPathKeyword.groovy:73)
	at actionKeyword.SelectByXPathKeyword.invokeMethod(SelectByXPathKeyword.groovy)
	at com.kms.katalon.core.main.CustomKeywordDelegatingMetaClass.invokeStaticMethod(CustomKeywordDelegatingMetaClass.java:50)
	at AboutUs_Contact_FillInData.run(AboutUs_Contact_FillInData:16)
	at com.kms.katalon.core.main.ScriptEngine.run(ScriptEngine.java:194)
	at com.kms.katalon.core.main.ScriptEngine.runScriptAsRawText(ScriptEngine.java:119)
	at com.kms.katalon.core.main.TestCaseExecutor.runScript(TestCaseExecutor.java:337)
	at com.kms.katalon.core.main.TestCaseExecutor.doExecute(TestCaseExecutor.java:328)
	at com.kms.katalon.core.main.TestCaseExecutor.processExecutionPhase(TestCaseExecutor.java:307)
	at com.kms.katalon.core.main.TestCaseExecutor.accessMainPhase(TestCaseExecutor.java:299)
	at com.kms.katalon.core.main.TestCaseExecutor.execute(TestCaseExecutor.java:233)
	at com.kms.katalon.core.main.TestSuiteExecutor.accessTestCaseMainPhase(TestSuiteExecutor.java:169)
	at com.kms.katalon.core.main.TestSuiteExecutor.accessTestSuiteMainPhase(TestSuiteExecutor.java:142)
	at com.kms.katalon.core.main.TestSuiteExecutor.execute(TestSuiteExecutor.java:91)
	at com.kms.katalon.core.main.TestCaseMain.startTestSuite(TestCaseMain.java:157)
	at com.kms.katalon.core.main.TestCaseMain$startTestSuite$0.call(Unknown Source)
	at TempTestSuite1577674305037.run(TempTestSuite1577674305037.groovy:36)


2019-12-30 09:52:29 - [TEST_STEP][FAILED] - actionKeyword.SelectByXPathKeyword.setTextElementByXPath("//input[@id='edit-first-name']", varFirstname): com.kms.katalon.core.exception.StepFailedException: Fail to enter text

2019-12-30 09:52:30 - [MESSAGE][FAILED] - Fail to enter text

2019-12-30 09:52:30 - [MESSAGE][FAILED] - com.kms.katalon.core.exception.StepFailedException: Fail to enter text

2019-12-30 09:52:30 - [TEST_STEP][FAILED] - actionKeyword.SelectByXPathKeyword.setTextElementByXPath("//input[@id='edit-last-name']", varLastname): com.kms.katalon.core.exception.StepFailedException: Fail to enter text

2019-12-30 09:52:31 - [MESSAGE][FAILED] - Fail to enter text

2019-12-30 09:52:31 - [MESSAGE][FAILED] - com.kms.katalon.core.exception.StepFailedException: Fail to enter text

2019-12-30 09:52:31 - [TEST_STEP][PASSED] - actionKeyword.SelectByXPathKeyword.setTextElementByXPath("//input[@id='edit-email']", varEmail): Text is inputted successfully

2019-12-30 09:52:32 - [MESSAGE][PASSED] - Text is inputted successfully

2019-12-30 09:52:32 - [TEST_STEP][FAILED] - actionKeyword.SelectByXPathKeyword.setTextElementByXPath("//input[@id='edit-phone']", varContact): com.kms.katalon.core.exception.StepFailedException: Fail to enter text

2019-12-30 09:52:33 - [MESSAGE][FAILED] - Fail to enter text

2019-12-30 09:52:33 - [MESSAGE][FAILED] - com.kms.katalon.core.exception.StepFailedException: Fail to enter text

2019-12-30 09:52:33 - [TEST_STEP][FAILED] - actionKeyword.SelectByXPathKeyword.selectCountryDropDownList("Vietnam"): com.kms.katalon.core.exception.StepFailedException: Fail to click on element

2019-12-30 09:52:34 - [MESSAGE][FAILED] - Fail to click on element

2019-12-30 09:52:34 - [MESSAGE][FAILED] - com.kms.katalon.core.exception.StepFailedException: Fail to click on element

2019-12-30 09:52:34 - [TEST_STEP][FAILED] - actionKeyword.SelectByXPathKeyword.setTextElementByXPath("//input[@id='state']", varCity): com.kms.katalon.core.exception.StepFailedException: Fail to enter text

2019-12-30 09:52:34 - [MESSAGE][FAILED] - Fail to enter text

2019-12-30 09:52:34 - [MESSAGE][FAILED] - com.kms.katalon.core.exception.StepFailedException: Fail to enter text

2019-12-30 09:52:34 - [TEST_STEP][FAILED] - actionKeyword.SelectByXPathKeyword.selectNationalityDropDownList("Vietnamese"): com.kms.katalon.core.exception.StepFailedException: Fail to click on element

2019-12-30 09:52:34 - [MESSAGE][FAILED] - Fail to click on element

2019-12-30 09:52:34 - [MESSAGE][FAILED] - com.kms.katalon.core.exception.StepFailedException: Fail to click on element]]></system-out>
         <system-err><![CDATA[2019-12-30 09:52:29 - [TEST_CASE][FAILED] - Test Cases/Feature_TestCase/TestCase_About_US/AboutUs_Contact_FillInData: Test Cases/Feature_TestCase/TestCase_About_US/AboutUs_Contact_FillInData FAILED.
Reason:
com.kms.katalon.core.exception.StepFailedException: Fail to enter text
	at com.kms.katalon.core.util.KeywordUtil.markFailed(KeywordUtil.java:19)
	at com.kms.katalon.core.util.KeywordUtil$markFailed.call(Unknown Source)
	at actionKeyword.SelectByXPathKeyword.setTextElementByXPath(SelectByXPathKeyword.groovy:73)
	at actionKeyword.SelectByXPathKeyword.invokeMethod(SelectByXPathKeyword.groovy)
	at com.kms.katalon.core.main.CustomKeywordDelegatingMetaClass.invokeStaticMethod(CustomKeywordDelegatingMetaClass.java:50)
	at AboutUs_Contact_FillInData.run(AboutUs_Contact_FillInData:16)
	at com.kms.katalon.core.main.ScriptEngine.run(ScriptEngine.java:194)
	at com.kms.katalon.core.main.ScriptEngine.runScriptAsRawText(ScriptEngine.java:119)
	at com.kms.katalon.core.main.TestCaseExecutor.runScript(TestCaseExecutor.java:337)
	at com.kms.katalon.core.main.TestCaseExecutor.doExecute(TestCaseExecutor.java:328)
	at com.kms.katalon.core.main.TestCaseExecutor.processExecutionPhase(TestCaseExecutor.java:307)
	at com.kms.katalon.core.main.TestCaseExecutor.accessMainPhase(TestCaseExecutor.java:299)
	at com.kms.katalon.core.main.TestCaseExecutor.execute(TestCaseExecutor.java:233)
	at com.kms.katalon.core.main.TestSuiteExecutor.accessTestCaseMainPhase(TestSuiteExecutor.java:169)
	at com.kms.katalon.core.main.TestSuiteExecutor.accessTestSuiteMainPhase(TestSuiteExecutor.java:142)
	at com.kms.katalon.core.main.TestSuiteExecutor.execute(TestSuiteExecutor.java:91)
	at com.kms.katalon.core.main.TestCaseMain.startTestSuite(TestCaseMain.java:157)
	at com.kms.katalon.core.main.TestCaseMain$startTestSuite$0.call(Unknown Source)
	at TempTestSuite1577674305037.run(TempTestSuite1577674305037.groovy:36)]]></system-err>
      </testcase>
      <system-out><![CDATA[2019-12-30 09:51:48 - [TEST_SUITE][FAILED] - TestSuit_PitchStory: Test Cases/Keyword_TestCase/TestCase_WorkWithUS/WorkWithUS_Pitch_Stories FAILED.
Reason:
com.kms.katalon.core.exception.StepFailedException: Fail to click on element
	at com.kms.katalon.core.util.KeywordUtil.markFailed(KeywordUtil.java:19)
	at com.kms.katalon.core.util.KeywordUtil$markFailed.call(Unknown Source)
	at actionKeyword.SelectByXPathKeyword.clickElementByXPath(SelectByXPathKeyword.groovy:91)
	at actionKeyword.SelectByXPathKeyword.invokeMethod(SelectByXPathKeyword.groovy)
	at com.kms.katalon.core.main.CustomKeywordDelegatingMetaClass.invokeStaticMethod(CustomKeywordDelegatingMetaClass.java:50)
	at WorkWithUS_Pitch_Stories.run(WorkWithUS_Pitch_Stories:18)
	at com.kms.katalon.core.main.ScriptEngine.run(ScriptEngine.java:194)
	at com.kms.katalon.core.main.ScriptEngine.runScriptAsRawText(ScriptEngine.java:119)
	at com.kms.katalon.core.main.TestCaseExecutor.runScript(TestCaseExecutor.java:337)
	at com.kms.katalon.core.main.TestCaseExecutor.doExecute(TestCaseExecutor.java:328)
	at com.kms.katalon.core.main.TestCaseExecutor.processExecutionPhase(TestCaseExecutor.java:307)
	at com.kms.katalon.core.main.TestCaseExecutor.accessMainPhase(TestCaseExecutor.java:299)
	at com.kms.katalon.core.main.TestCaseExecutor.execute(TestCaseExecutor.java:233)
	at com.kms.katalon.core.main.TestSuiteExecutor.accessTestCaseMainPhase(TestSuiteExecutor.java:169)
	at com.kms.katalon.core.main.TestSuiteExecutor.accessTestSuiteMainPhase(TestSuiteExecutor.java:142)
	at com.kms.katalon.core.main.TestSuiteExecutor.execute(TestSuiteExecutor.java:91)
	at com.kms.katalon.core.main.TestCaseMain.startTestSuite(TestCaseMain.java:157)
	at com.kms.katalon.core.main.TestCaseMain$startTestSuite$0.call(Unknown Source)
	at TempTestSuite1577674305037.run(TempTestSuite1577674305037.groovy:36)]]></system-out>
      <system-err><![CDATA[2019-12-30 09:51:48 - [TEST_SUITE][FAILED] - TestSuit_PitchStory: Test Cases/Keyword_TestCase/TestCase_WorkWithUS/WorkWithUS_Pitch_Stories FAILED.
Reason:
com.kms.katalon.core.exception.StepFailedException: Fail to click on element
	at com.kms.katalon.core.util.KeywordUtil.markFailed(KeywordUtil.java:19)
	at com.kms.katalon.core.util.KeywordUtil$markFailed.call(Unknown Source)
	at actionKeyword.SelectByXPathKeyword.clickElementByXPath(SelectByXPathKeyword.groovy:91)
	at actionKeyword.SelectByXPathKeyword.invokeMethod(SelectByXPathKeyword.groovy)
	at com.kms.katalon.core.main.CustomKeywordDelegatingMetaClass.invokeStaticMethod(CustomKeywordDelegatingMetaClass.java:50)
	at WorkWithUS_Pitch_Stories.run(WorkWithUS_Pitch_Stories:18)
	at com.kms.katalon.core.main.ScriptEngine.run(ScriptEngine.java:194)
	at com.kms.katalon.core.main.ScriptEngine.runScriptAsRawText(ScriptEngine.java:119)
	at com.kms.katalon.core.main.TestCaseExecutor.runScript(TestCaseExecutor.java:337)
	at com.kms.katalon.core.main.TestCaseExecutor.doExecute(TestCaseExecutor.java:328)
	at com.kms.katalon.core.main.TestCaseExecutor.processExecutionPhase(TestCaseExecutor.java:307)
	at com.kms.katalon.core.main.TestCaseExecutor.accessMainPhase(TestCaseExecutor.java:299)
	at com.kms.katalon.core.main.TestCaseExecutor.execute(TestCaseExecutor.java:233)
	at com.kms.katalon.core.main.TestSuiteExecutor.accessTestCaseMainPhase(TestSuiteExecutor.java:169)
	at com.kms.katalon.core.main.TestSuiteExecutor.accessTestSuiteMainPhase(TestSuiteExecutor.java:142)
	at com.kms.katalon.core.main.TestSuiteExecutor.execute(TestSuiteExecutor.java:91)
	at com.kms.katalon.core.main.TestCaseMain.startTestSuite(TestCaseMain.java:157)
	at com.kms.katalon.core.main.TestCaseMain$startTestSuite$0.call(Unknown Source)
	at TempTestSuite1577674305037.run(TempTestSuite1577674305037.groovy:36)]]></system-err>
   </testsuite>
</testsuites>
