<?xml version="1.0" encoding="UTF-8"?>
<testsuites name="TestSuit_PitchStory" time="38.226" tests="3" failures="1" errors="0">
   <testsuite name="TestSuit_PitchStory" tests="3" failures="1" errors="0" time="38.226" timestamp="2019-12-22 15:46:40" hostname="hidadsek - nguyenthuc" id="Test Suites/TestSuit_PitchStory">
      <properties>
         <property name="deviceName" value=""/>
         <property name="devicePlatform" value=""/>
         <property name="logFolder" value="C:\\Users\\hidadsek\\Desktop\\Git\\Katalon-project\\Katalon_1st_Project\\Reports\\20191222_154638\\TestSuit_PitchStory\\20191222_154638"/>
         <property name="logFiles" value="C:\\Users\\hidadsek\\Desktop\\Git\\Katalon-project\\Katalon_1st_Project\\Reports\\20191222_154638\\TestSuit_PitchStory\\20191222_154638\\execution0.log"/>
         <property name="attachments" value=""/>
         <property name="hostName" value="hidadsek - nguyenthuc"/>
         <property name="os" value="Windows 8.1 64bit"/>
         <property name="katalonVersion" value="7.2.1.1"/>
         <property name="browser" value="Chrome 79.0.3945.88"/>
         <property name="hostAddress" value="192.168.1.110"/>
         <property name="sessionId" value="329e3ab3f6f0161986807f71e01f5d68"/>
         <property name="seleniumVersion" value="3.141.59"/>
         <property name="proxyInformation" value="ProxyInformation{proxyOption=NO_PROXY, proxyServerType=HTTP, password=, proxyServerAddress=, proxyServerPort=0, executionList=}"/>
         <property name="platform" value="Windows 8.1"/>
      </properties>
      <testcase name="Test Cases/Keyword_TestCase/TestCase_WorkWithUS/WorkWithUS_Pitch_Stories" time="23.0" classname="Test Cases/Keyword_TestCase/TestCase_WorkWithUS/WorkWithUS_Pitch_Stories" status="FAILED">
         <failure type="FAILED" message="Test Cases/Keyword_TestCase/TestCase_WorkWithUS/WorkWithUS_Pitch_Stories FAILED.
Reason:
com.kms.katalon.core.exception.StepFailedException: Fail to click on element
	at com.kms.katalon.core.util.KeywordUtil.markFailed(KeywordUtil.java:19)
	at com.kms.katalon.core.util.KeywordUtil$markFailed$0.call(Unknown Source)
	at actionKeyword.SelectByXPathKeyword.clickElementByXPath(SelectByXPathKeyword.groovy:91)
	at actionKeyword.SelectByXPathKeyword.invokeMethod(SelectByXPathKeyword.groovy)
	at com.kms.katalon.core.main.CustomKeywordDelegatingMetaClass.invokeStaticMethod(CustomKeywordDelegatingMetaClass.java:50)
	at WorkWithUS_Pitch_Stories.run(WorkWithUS_Pitch_Stories:20)
	at com.kms.katalon.core.main.ScriptEngine.run(ScriptEngine.java:194)
	at com.kms.katalon.core.main.ScriptEngine.runScriptAsRawText(ScriptEngine.java:119)
	at com.kms.katalon.core.main.TestCaseExecutor.runScript(TestCaseExecutor.java:337)
	at com.kms.katalon.core.main.TestCaseExecutor.doExecute(TestCaseExecutor.java:328)
	at com.kms.katalon.core.main.TestCaseExecutor.processExecutionPhase(TestCaseExecutor.java:307)
	at com.kms.katalon.core.main.TestCaseExecutor.accessMainPhase(TestCaseExecutor.java:299)
	at com.kms.katalon.core.main.TestCaseExecutor.execute(TestCaseExecutor.java:233)
	at com.kms.katalon.core.main.TestSuiteExecutor.accessTestCaseMainPhase(TestSuiteExecutor.java:169)
	at com.kms.katalon.core.main.TestSuiteExecutor.accessTestSuiteMainPhase(TestSuiteExecutor.java:142)
	at com.kms.katalon.core.main.TestSuiteExecutor.execute(TestSuiteExecutor.java:91)
	at com.kms.katalon.core.main.TestCaseMain.startTestSuite(TestCaseMain.java:157)
	at com.kms.katalon.core.main.TestCaseMain$startTestSuite$0.call(Unknown Source)
	at TempTestSuite1577004398462.run(TempTestSuite1577004398462.groovy:36)
"/>
         <system-out><![CDATA[2019-12-22 15:46:41 - [TEST_CASE][FAILED] - Test Cases/Keyword_TestCase/TestCase_WorkWithUS/WorkWithUS_Pitch_Stories: Test Cases/Keyword_TestCase/TestCase_WorkWithUS/WorkWithUS_Pitch_Stories FAILED.
Reason:
com.kms.katalon.core.exception.StepFailedException: Fail to click on element
	at com.kms.katalon.core.util.KeywordUtil.markFailed(KeywordUtil.java:19)
	at com.kms.katalon.core.util.KeywordUtil$markFailed$0.call(Unknown Source)
	at actionKeyword.SelectByXPathKeyword.clickElementByXPath(SelectByXPathKeyword.groovy:91)
	at actionKeyword.SelectByXPathKeyword.invokeMethod(SelectByXPathKeyword.groovy)
	at com.kms.katalon.core.main.CustomKeywordDelegatingMetaClass.invokeStaticMethod(CustomKeywordDelegatingMetaClass.java:50)
	at WorkWithUS_Pitch_Stories.run(WorkWithUS_Pitch_Stories:20)
	at com.kms.katalon.core.main.ScriptEngine.run(ScriptEngine.java:194)
	at com.kms.katalon.core.main.ScriptEngine.runScriptAsRawText(ScriptEngine.java:119)
	at com.kms.katalon.core.main.TestCaseExecutor.runScript(TestCaseExecutor.java:337)
	at com.kms.katalon.core.main.TestCaseExecutor.doExecute(TestCaseExecutor.java:328)
	at com.kms.katalon.core.main.TestCaseExecutor.processExecutionPhase(TestCaseExecutor.java:307)
	at com.kms.katalon.core.main.TestCaseExecutor.accessMainPhase(TestCaseExecutor.java:299)
	at com.kms.katalon.core.main.TestCaseExecutor.execute(TestCaseExecutor.java:233)
	at com.kms.katalon.core.main.TestSuiteExecutor.accessTestCaseMainPhase(TestSuiteExecutor.java:169)
	at com.kms.katalon.core.main.TestSuiteExecutor.accessTestSuiteMainPhase(TestSuiteExecutor.java:142)
	at com.kms.katalon.core.main.TestSuiteExecutor.execute(TestSuiteExecutor.java:91)
	at com.kms.katalon.core.main.TestCaseMain.startTestSuite(TestCaseMain.java:157)
	at com.kms.katalon.core.main.TestCaseMain$startTestSuite$0.call(Unknown Source)
	at TempTestSuite1577004398462.run(TempTestSuite1577004398462.groovy:36)


2019-12-22 15:46:41 - [TEST_STEP][PASSED] - actionKeyword.BrowserKeyword.openBrowser("https://www.ourbetterworld.org/"): actionKeyword.BrowserKeyword.openBrowser is PASSED

2019-12-22 15:46:41 - [MESSAGE][INFO] - Starting 'Chrome' driver

2019-12-22 15:46:41 - [MESSAGE][INFO] - Action delay is set to 0 seconds

2019-12-22 15:46:49 - [MESSAGE][PASSED] - Browser is opened with url: 'https://www.ourbetterworld.org/'

2019-12-22 15:46:51 - [MESSAGE][PASSED] - actionKeyword.BrowserKeyword.openBrowser is PASSED

2019-12-22 15:46:51 - [TEST_STEP][PASSED] - actionKeyword.SelectByXPathKeyword.clickElementByXPath("//div[@class='navigation float-left']//li//a[text()='Work With Us']"): Element has been clicked

2019-12-22 15:46:51 - [MESSAGE][PASSED] - Element has been clicked

2019-12-22 15:46:51 - [TEST_STEP][FAILED] - actionKeyword.SelectByXPathKeyword.clickElementByXPath("//div[@class='navigation float-left']//li//li/a[text()='Pitch stories']"): com.kms.katalon.core.exception.StepFailedException: Fail to click on element

2019-12-22 15:46:54 - [MESSAGE][FAILED] - Fail to click on element

2019-12-22 15:46:55 - [MESSAGE][FAILED] - com.kms.katalon.core.exception.StepFailedException: Fail to click on element

2019-12-22 15:46:55 - [TEST_STEP][PASSED] - modalKeyword.DelayModal.deLay(5000): modalKeyword.DelayModal.deLay is PASSED

2019-12-22 15:47:00 - [MESSAGE][PASSED] - modalKeyword.DelayModal.deLay is PASSED

2019-12-22 15:47:00 - [TEST_STEP][PASSED] - actionKeyword.VerifyKeyword.verifyTextByXPath("//div[@id="block-obw-theme-content"]/article/div/div[1]/div/div[2]/h1/div", "Pitch Stories"): Text is verified successfully

2019-12-22 15:47:00 - [MESSAGE][PASSED] - Text is verified successfully

2019-12-22 15:47:00 - [TEST_STEP][PASSED] - actionKeyword.VerifyKeyword.verifyElementExistByXpath("//*[@id="video-embeded-hero"]"): Element exists

2019-12-22 15:47:00 - [MESSAGE][PASSED] - Element exists

2019-12-22 15:47:00 - [TEST_STEP][PASSED] - actionKeyword.SelectByXPathKeyword.clickElementByXPath("//*[@id="block-obw-theme-content"]//div[@class='button-group']/a[text()='Pitch your story']"): Element has been clicked

2019-12-22 15:47:00 - [MESSAGE][PASSED] - Element has been clicked

2019-12-22 15:47:00 - [TEST_STEP][PASSED] - waitForPageLoad(10): Wait for page load successfully

2019-12-22 15:47:04 - [MESSAGE][PASSED] - Wait for page load successfully

2019-12-22 15:47:04 - [TEST_STEP][PASSED] - actionKeyword.VerifyKeyword.verifyURLInTheSameTab("contact-us?purpose=pitch_us_a_story"): URL is verified successfully

2019-12-22 15:47:04 - [MESSAGE][PASSED] - URL is verified successfully]]></system-out>
         <system-err><![CDATA[2019-12-22 15:46:41 - [TEST_CASE][FAILED] - Test Cases/Keyword_TestCase/TestCase_WorkWithUS/WorkWithUS_Pitch_Stories: Test Cases/Keyword_TestCase/TestCase_WorkWithUS/WorkWithUS_Pitch_Stories FAILED.
Reason:
com.kms.katalon.core.exception.StepFailedException: Fail to click on element
	at com.kms.katalon.core.util.KeywordUtil.markFailed(KeywordUtil.java:19)
	at com.kms.katalon.core.util.KeywordUtil$markFailed$0.call(Unknown Source)
	at actionKeyword.SelectByXPathKeyword.clickElementByXPath(SelectByXPathKeyword.groovy:91)
	at actionKeyword.SelectByXPathKeyword.invokeMethod(SelectByXPathKeyword.groovy)
	at com.kms.katalon.core.main.CustomKeywordDelegatingMetaClass.invokeStaticMethod(CustomKeywordDelegatingMetaClass.java:50)
	at WorkWithUS_Pitch_Stories.run(WorkWithUS_Pitch_Stories:20)
	at com.kms.katalon.core.main.ScriptEngine.run(ScriptEngine.java:194)
	at com.kms.katalon.core.main.ScriptEngine.runScriptAsRawText(ScriptEngine.java:119)
	at com.kms.katalon.core.main.TestCaseExecutor.runScript(TestCaseExecutor.java:337)
	at com.kms.katalon.core.main.TestCaseExecutor.doExecute(TestCaseExecutor.java:328)
	at com.kms.katalon.core.main.TestCaseExecutor.processExecutionPhase(TestCaseExecutor.java:307)
	at com.kms.katalon.core.main.TestCaseExecutor.accessMainPhase(TestCaseExecutor.java:299)
	at com.kms.katalon.core.main.TestCaseExecutor.execute(TestCaseExecutor.java:233)
	at com.kms.katalon.core.main.TestSuiteExecutor.accessTestCaseMainPhase(TestSuiteExecutor.java:169)
	at com.kms.katalon.core.main.TestSuiteExecutor.accessTestSuiteMainPhase(TestSuiteExecutor.java:142)
	at com.kms.katalon.core.main.TestSuiteExecutor.execute(TestSuiteExecutor.java:91)
	at com.kms.katalon.core.main.TestCaseMain.startTestSuite(TestCaseMain.java:157)
	at com.kms.katalon.core.main.TestCaseMain$startTestSuite$0.call(Unknown Source)
	at TempTestSuite1577004398462.run(TempTestSuite1577004398462.groovy:36)]]></system-err>
      </testcase>
      <testcase name="Test Cases/Feature_TestCase/TestCase_About_US/AboutUs_Contact_FillInData" time="7.331" classname="Test Cases/Feature_TestCase/TestCase_About_US/AboutUs_Contact_FillInData" status="PASSED">
         <system-out><![CDATA[2019-12-22 15:47:04 - [TEST_CASE][PASSED] - Test Cases/Feature_TestCase/TestCase_About_US/AboutUs_Contact_FillInData: Test Cases/Feature_TestCase/TestCase_About_US/AboutUs_Contact_FillInData

2019-12-22 15:47:04 - [TEST_STEP][PASSED] - actionKeyword.SelectByXPathKeyword.setTextElementByXPath("//input[@id='edit-first-name']", varFirstname): Text is inputted successfully

2019-12-22 15:47:05 - [MESSAGE][PASSED] - Text is inputted successfully

2019-12-22 15:47:05 - [TEST_STEP][PASSED] - actionKeyword.SelectByXPathKeyword.setTextElementByXPath("//input[@id='edit-last-name']", varLastname): Text is inputted successfully

2019-12-22 15:47:05 - [MESSAGE][PASSED] - Text is inputted successfully

2019-12-22 15:47:05 - [TEST_STEP][PASSED] - actionKeyword.SelectByXPathKeyword.setTextElementByXPath("//input[@id='edit-email']", varEmail): Text is inputted successfully

2019-12-22 15:47:06 - [MESSAGE][PASSED] - Text is inputted successfully

2019-12-22 15:47:06 - [TEST_STEP][PASSED] - actionKeyword.SelectByXPathKeyword.setTextElementByXPath("//input[@id='edit-phone']", varContact): Text is inputted successfully

2019-12-22 15:47:07 - [MESSAGE][PASSED] - Text is inputted successfully

2019-12-22 15:47:07 - [TEST_STEP][PASSED] - actionKeyword.SelectByXPathKeyword.selectCountryDropDownList("Vietnam"): Dropdownlist has been clicked

2019-12-22 15:47:09 - [MESSAGE][PASSED] - Dropdownlist has been clicked

2019-12-22 15:47:09 - [TEST_STEP][PASSED] - actionKeyword.SelectByXPathKeyword.setTextElementByXPath("//input[@id='state']", varCity): Text is inputted successfully

2019-12-22 15:47:10 - [MESSAGE][PASSED] - Text is inputted successfully

2019-12-22 15:47:10 - [TEST_STEP][PASSED] - actionKeyword.SelectByXPathKeyword.selectNationalityDropDownList("Vietnamese"): Dropdownlist has been clicked

2019-12-22 15:47:11 - [MESSAGE][PASSED] - Dropdownlist has been clicked]]></system-out>
         <system-err><![CDATA[]]></system-err>
      </testcase>
      <testcase name="Test Cases/Feature_TestCase/TestCase_About_US/AboutUs_Contact_FillInData" time="6.697" classname="Test Cases/Feature_TestCase/TestCase_About_US/AboutUs_Contact_FillInData" status="PASSED">
         <system-out><![CDATA[2019-12-22 15:47:11 - [TEST_CASE][PASSED] - Test Cases/Feature_TestCase/TestCase_About_US/AboutUs_Contact_FillInData: Test Cases/Feature_TestCase/TestCase_About_US/AboutUs_Contact_FillInData

2019-12-22 15:47:11 - [TEST_STEP][PASSED] - actionKeyword.SelectByXPathKeyword.setTextElementByXPath("//input[@id='edit-first-name']", varFirstname): Text is inputted successfully

2019-12-22 15:47:12 - [MESSAGE][PASSED] - Text is inputted successfully

2019-12-22 15:47:12 - [TEST_STEP][PASSED] - actionKeyword.SelectByXPathKeyword.setTextElementByXPath("//input[@id='edit-last-name']", varLastname): Text is inputted successfully

2019-12-22 15:47:12 - [MESSAGE][PASSED] - Text is inputted successfully

2019-12-22 15:47:12 - [TEST_STEP][PASSED] - actionKeyword.SelectByXPathKeyword.setTextElementByXPath("//input[@id='edit-email']", varEmail): Text is inputted successfully

2019-12-22 15:47:13 - [MESSAGE][PASSED] - Text is inputted successfully

2019-12-22 15:47:13 - [TEST_STEP][PASSED] - actionKeyword.SelectByXPathKeyword.setTextElementByXPath("//input[@id='edit-phone']", varContact): Text is inputted successfully

2019-12-22 15:47:14 - [MESSAGE][PASSED] - Text is inputted successfully

2019-12-22 15:47:14 - [TEST_STEP][PASSED] - actionKeyword.SelectByXPathKeyword.selectCountryDropDownList("Vietnam"): Dropdownlist has been clicked

2019-12-22 15:47:15 - [MESSAGE][PASSED] - Dropdownlist has been clicked

2019-12-22 15:47:15 - [TEST_STEP][PASSED] - actionKeyword.SelectByXPathKeyword.setTextElementByXPath("//input[@id='state']", varCity): Text is inputted successfully

2019-12-22 15:47:16 - [MESSAGE][PASSED] - Text is inputted successfully

2019-12-22 15:47:16 - [TEST_STEP][PASSED] - actionKeyword.SelectByXPathKeyword.selectNationalityDropDownList("Vietnamese"): Dropdownlist has been clicked

2019-12-22 15:47:18 - [MESSAGE][PASSED] - Dropdownlist has been clicked]]></system-out>
         <system-err><![CDATA[]]></system-err>
      </testcase>
      <system-out><![CDATA[2019-12-22 15:46:40 - [TEST_SUITE][FAILED] - TestSuit_PitchStory: Test Cases/Keyword_TestCase/TestCase_WorkWithUS/WorkWithUS_Pitch_Stories FAILED.
Reason:
com.kms.katalon.core.exception.StepFailedException: Fail to click on element
	at com.kms.katalon.core.util.KeywordUtil.markFailed(KeywordUtil.java:19)
	at com.kms.katalon.core.util.KeywordUtil$markFailed$0.call(Unknown Source)
	at actionKeyword.SelectByXPathKeyword.clickElementByXPath(SelectByXPathKeyword.groovy:91)
	at actionKeyword.SelectByXPathKeyword.invokeMethod(SelectByXPathKeyword.groovy)
	at com.kms.katalon.core.main.CustomKeywordDelegatingMetaClass.invokeStaticMethod(CustomKeywordDelegatingMetaClass.java:50)
	at WorkWithUS_Pitch_Stories.run(WorkWithUS_Pitch_Stories:20)
	at com.kms.katalon.core.main.ScriptEngine.run(ScriptEngine.java:194)
	at com.kms.katalon.core.main.ScriptEngine.runScriptAsRawText(ScriptEngine.java:119)
	at com.kms.katalon.core.main.TestCaseExecutor.runScript(TestCaseExecutor.java:337)
	at com.kms.katalon.core.main.TestCaseExecutor.doExecute(TestCaseExecutor.java:328)
	at com.kms.katalon.core.main.TestCaseExecutor.processExecutionPhase(TestCaseExecutor.java:307)
	at com.kms.katalon.core.main.TestCaseExecutor.accessMainPhase(TestCaseExecutor.java:299)
	at com.kms.katalon.core.main.TestCaseExecutor.execute(TestCaseExecutor.java:233)
	at com.kms.katalon.core.main.TestSuiteExecutor.accessTestCaseMainPhase(TestSuiteExecutor.java:169)
	at com.kms.katalon.core.main.TestSuiteExecutor.accessTestSuiteMainPhase(TestSuiteExecutor.java:142)
	at com.kms.katalon.core.main.TestSuiteExecutor.execute(TestSuiteExecutor.java:91)
	at com.kms.katalon.core.main.TestCaseMain.startTestSuite(TestCaseMain.java:157)
	at com.kms.katalon.core.main.TestCaseMain$startTestSuite$0.call(Unknown Source)
	at TempTestSuite1577004398462.run(TempTestSuite1577004398462.groovy:36)]]></system-out>
      <system-err><![CDATA[2019-12-22 15:46:40 - [TEST_SUITE][FAILED] - TestSuit_PitchStory: Test Cases/Keyword_TestCase/TestCase_WorkWithUS/WorkWithUS_Pitch_Stories FAILED.
Reason:
com.kms.katalon.core.exception.StepFailedException: Fail to click on element
	at com.kms.katalon.core.util.KeywordUtil.markFailed(KeywordUtil.java:19)
	at com.kms.katalon.core.util.KeywordUtil$markFailed$0.call(Unknown Source)
	at actionKeyword.SelectByXPathKeyword.clickElementByXPath(SelectByXPathKeyword.groovy:91)
	at actionKeyword.SelectByXPathKeyword.invokeMethod(SelectByXPathKeyword.groovy)
	at com.kms.katalon.core.main.CustomKeywordDelegatingMetaClass.invokeStaticMethod(CustomKeywordDelegatingMetaClass.java:50)
	at WorkWithUS_Pitch_Stories.run(WorkWithUS_Pitch_Stories:20)
	at com.kms.katalon.core.main.ScriptEngine.run(ScriptEngine.java:194)
	at com.kms.katalon.core.main.ScriptEngine.runScriptAsRawText(ScriptEngine.java:119)
	at com.kms.katalon.core.main.TestCaseExecutor.runScript(TestCaseExecutor.java:337)
	at com.kms.katalon.core.main.TestCaseExecutor.doExecute(TestCaseExecutor.java:328)
	at com.kms.katalon.core.main.TestCaseExecutor.processExecutionPhase(TestCaseExecutor.java:307)
	at com.kms.katalon.core.main.TestCaseExecutor.accessMainPhase(TestCaseExecutor.java:299)
	at com.kms.katalon.core.main.TestCaseExecutor.execute(TestCaseExecutor.java:233)
	at com.kms.katalon.core.main.TestSuiteExecutor.accessTestCaseMainPhase(TestSuiteExecutor.java:169)
	at com.kms.katalon.core.main.TestSuiteExecutor.accessTestSuiteMainPhase(TestSuiteExecutor.java:142)
	at com.kms.katalon.core.main.TestSuiteExecutor.execute(TestSuiteExecutor.java:91)
	at com.kms.katalon.core.main.TestCaseMain.startTestSuite(TestCaseMain.java:157)
	at com.kms.katalon.core.main.TestCaseMain$startTestSuite$0.call(Unknown Source)
	at TempTestSuite1577004398462.run(TempTestSuite1577004398462.groovy:36)]]></system-err>
   </testsuite>
</testsuites>
